0 0 0.04 0.44 10 1 0.295 0.512 10 2 0.465 0.294 10 3 0.521 0.72 10 4 0.132 0.679 10
1 0 0.239 0.86 10 1 0.788 0.603 11 2 0.576 0.63 11 3 0.856 0.774 12 4 0.765 0.24 12
2 0 0.901 0.507 12 1 0.879 0.57 12 2 0.862 0.514 12 3 0.991 0.607 12 4 0.721 0.949 12
3 0 0.774 0.721 12 1 0.5 0.19 12 2 0.312 0.341 12 3 0.583 0.759 12 4 0.531 0.336 13
4 0 0.813 0.121 13 1 0.502 0.427 13 2 0.404 0.556 13 3 0.957 0.104 13 4 0.978 0.882 14
5 0 0.381 0.808 14 1 0.168 0.585 14 2 0.727 0.636 14 3 0.711 0.164 14 4 0.259 0.051 14
6 0 0.056 0.369 15 1 0.769 0.729 15 2 0.067 0.726 15 3 0.753 0.566 15 4 0.885 0.112 15
7 0 0.685 0.25 15 1 0.253 0.159 15 2 0.83 0.466 15 3 0.727 0.441 15 4 0.485 0.697 15
8 0 0.646 0.024 15 1 0.244 0.788 15 2 0.359 0.23 15 3 0.176 0.06 15 4 0.883 0.121 16
9 0 0.03 0.652 16 1 0.563 0.698 16 2 0.379 0.72 16 3 0.978 0.415 16 4 0.891 0.285 16
10 0 0.67 0.893 16 1 0.261 0.249 16 2 0.501 0.628 16 3 0.989 0.81 16 4 0.395 0.784 16
11 0 0.869 0.337 16 1 0.39 0.562 16 2 0.701 0.035 16 3 0.197 0.556 16 4 0.646 0.562 16
12 0 0.71 0.577 16 1 0.696 0.088 16 2 0.118 0.562 16 3 0.517 0.729 16 4 0.442 0.13 16
13 0 0.942 0.8 16 1 0.936 0.139 16 2 0.857 0.406 16 3 0.345 0.803 16 4 0.683 0.056 16
14 0 0.303 0.002 16 1 0.052 0.141 16 2 0.554 0.472 17 3 0.579 0.255 18 4 0.451 0.756 18
15 0 0.667 0.602 18 1 0.543 0.679 19 2 0.655 0.33 19 3 0.896 0.154 19 4 0.409 0.098 19
16 0 0.018 0.125 19 1 0.586 0.698 19 2 0.776 0.127 19 3 0.051 0.756 19 4 0.15 0.536 19
17 0 0.2 0.266 19 1 0.701 0.749 19 2 0.368 0.459 19 3 0.656 0.24 19 4 0.121 0.122 19
18 0 0.565 0.378 19 1 0.8 0.629 20 2 0.253 0.493 21 3 0.25 0.426 21 4 0.488 0.438 21
19 0 0.423 0.397 21 1 0.979 0.371 21 2 0.216 0.32 21 3 0.358 0.531 21 4 0.0 0.69 21
20 0 0.49 0.398 21 1 0.973 0.347 21 2 0.101 0.799 21 3 0.487 0.75 21 4 0.893 0.133 22
21 0 0.458 0.842 22 1 0.458 0.38 22 2 0.077 0.535 22 3 0.816 0.434 22 4 0.614 0.936 22
22 0 0.231 0.21 22 1 0.528 0.243 22 2 0.451 0.395 22 3 0.791 0.876 22 4 0.185 0.096 22
23 0 0.445 0.792 22 1 0.186 0.36 22 2 0.36 0.534 22 3 0.506 0.955 22 4 0.519 0.895 22
24 0 0.753 0.979 22 1 0.463 0.375 22 2 0.724 0.55 22 3 0.649 0.782 22 4 0.01 0.73 22
25 0 0.528 0.894 22 1 0.997 0.247 22 2 0.089 0.966 22 3 0.479 0.513 22 4 0.705 0.608 22
26 0 0.176 0.651 22 1 0.146 0.704 22 2 0.824 0.959 22 3 0.563 0.714 22 4 0.625 0.048 22
27 0 0.642 0.374 22 1 0.982 0.928 22 2 0.385 0.291 23 3 0.829 0.607 23 4 0.273 0.983 23
28 0 0.787 0.292 23 1 0.472 0.368 23 2 0.441 0.915 23 3 0.52 0.228 23 4 0.905 0.207 23
29 0 0.967 0.6 23 1 0.134 0.054 23 2 0.595 0.734 23 3 0.46 0.389 23 4 0.567 0.955 23
30 0 0.865 0.093 23 1 0.675 0.685 23 2 0.389 0.528 23 3 0.508 0.519 24 4 0.072 0.022 24
31 0 0.744 0.857 24 1 0.847 0.495 24 2 0.631 0.035 24 3 0.101 0.134 24 4 0.57 0.742 24
32 0 0.047 0.135 24 1 0.114 0.065 24 2 0.887 0.831 24 3 0.146 0.635 24 4 0.196 0.332 24
33 0 0.459 0.782 24 1 0.514 0.283 24 2 0.601 0.65 24 3 0.136 0.544 24 4 0.47 0.222 25
34 0 0.043 0.151 25 1 0.216 0.163 25 2 0.173 0.831 25 3 0.847 0.672 25 4 0.668 0.229 25
35 0 0.823 0.974 25 1 0.707 0.214 25 2 0.829 0.073 25 3 0.232 0.733 25 4 0.341 0.296 25
36 0 0.535 0.671 25 1 0.142 0.959 25 2 0.63 0.495 25 3 0.134 0.04 25 4 0.43 0.57 25
37 0 0.958 0.99 25 1 0.989 0.346 25 2 0.923 0.281 25 3 0.419 0.48 25 4 0.367 0.803 25
38 0 0.508 0.465 25 1 0.075 0.9 25 2 0.121 0.593 25 3 0.237 0.879 25 4 0.957 0.96 25
39 0 0.608 0.718 25 1 0.115 0.271 26 2 0.815 0.539 26 3 0.348 0.169 26 4 0.036 0.687 26
40 0 0.242 0.574 26 1 0.752 0.66 26 2 0.792 0.07 26 3 0.488 0.575 26 4 0.785 0.328 26
41 0 0.57 0.827 26 1 0.76 0.572 26 2 0.07 0.362 27 3 0.394 0.032 27 4 0.802 0.038 27
42 0 0.023 0.882 27 1 0.514 0.993 27 2 0.865 0.003 27 3 0.789 0.811 27 4 0.917 0.777 27
43 0 0.047 0.457 27 1 0.69 0.381 27 2 0.019 0.537 27 3 0.561 0.618 27 4 0.902 0.694 27
44 0 0.962 0.007 27 1 0.336 0.646 27 2 0.829 0.184 27 3 0.03 0.547 27 4 0.302 0.293 27
45 0 0.115 0.727 27 1 0.296 0.345 27 2 0.014 0.796 27 3 0.995 0.505 27 4 0.105 0.004 27
46 0 0.383 0.681 28 1 0.583 0.377 28 2 0.632 0.905 28 3 0.297 0.819 28 4 0.232 0.925 28
47 0 0.354 0.166 28 1 0.777 0.457 29 2 0.402 0.247 29 3 0.529 0.024 29 4 0.688 0.015 29
48 0 0.267 0.919 29 1 0.485 0.1 29 2 0.018 0.701 29 3 0.332 0.821 29 4 0.038 0.169 29
49 0 0.792 0.156 29 1 0.479 0.1 29 2 0.441 0.342 29 3 0.864 0.74 29 4 0.989 0.663 29
50 0 0.513 0.199 29 1 0.63 0.689 29 2 0.472 0.536 29 3 0.472 0.995 29 4 0.406 0.484 29
51 0 0.482 0.27 29 1 0.463 0.53 29 2 0.703 0.508 29 3 0.016 0.509 29 4 0.118 0.346 29
52 0 0.719 0.784 29 1 0.855 0.932 29 2 0.381 0.539 29 3 0.397 0.567 29 4 0.338 0.719 29
53 0 0.127 0.785 29 1 0.586 0.829 29 2 0.523 0.623 29 3 0.013 0.999 29 4 0.433 0.37 29
54 0 0.391 0.435 29 1 0.491 0.737 29 2 0.712 0.406 29 3 0.44 0.314 29 4 0.121 0.04 29
55 0 0.728 0.397 29 1 0.353 0.909 29 2 0.897 0.413 29 3 0.843 0.612 29 4 0.617 0.657 29
56 0 0.813 0.715 29 1 0.86 0.153 30 2 0.5 0.075 30 3 0.482 0.123 30 4 0.342 0.828 30
57 0 0.73 0.293 30 1 0.465 0.044 30 2 0.626 0.956 30 3 0.118 0.399 30 4 0.779 0.982 30
58 0 0.963 0.164 31 1 0.156 0.372 31 2 0.336 0.695 31 3 0.066 0.06 31 4 0.682 0.157 32
59 0 0.422 0.442 32 1 0.204 0.524 32 2 0.379 0.634 32 3 0.451 0.532 32 4 0.788 0.365 32
60 0 0.281 0.483 32 1 0.091 0.919 32 2 0.049 0.465 33 3 0.032 0.0 33 4 0.115 0.831 33
61 0 0.085 0.234 34 1 0.137 0.802 34 2 0.623 0.51 34 3 0.091 0.423 34 4 0.146 0.645 34
62 0 0.63 0.09 34 1 0.319 0.789 34 2 0.934 0.586 34 3 0.866 0.65 34 4 0.456 0.78 34
63 0 0.6 0.943 34 1 0.134 0.024 34 2 0.697 0.616 34 3 0.178 0.178 34 4 0.637 0.353 34
64 0 0.095 0.586 34 1 0.944 0.498 34 2 0.039 0.823 34 3 0.535 0.567 34 4 0.609 0.851 34
65 0 0.516 0.981 35 1 0.947 0.649 35 2 0.244 0.44 35 3 0.996 0.612 35 4 0.299 0.599 35
66 0 0.408 0.274 35 1 0.177 0.442 36 2 0.414 0.091 37 3 0.818 0.386 37 4 0.589 0.917 37
67 0 0.036 0.148 37 1 0.791 0.679 37 2 0.857 0.27 37 3 0.119 0.89 37 4 0.342 0.836 38
68 0 0.61 0.147 39 1 0.203 0.881 39 2 0.687 0.81 39 3 0.101 0.06 39 4 0.927 0.928 39
69 0 0.681 0.435 39 1 0.42 0.777 39 2 0.809 0.353 39 3 0.355 0.568 40 4 0.397 0.71 40
70 0 0.384 0.109 40 1 0.846 0.123 40 2 0.592 0.524 41 3 0.381 0.953 41 4 0.59 0.136 42
71 0 0.584 0.351 42 1 0.953 0.229 42 2 0.868 0.574 42 3 0.653 0.759 42 4 0.18 0.872 43
72 0 0.269 0.551 43 1 0.737 0.628 43 2 0.06 0.646 43 3 0.504 0.263 43 4 0.219 0.507 43
73 0 0.145 0.569 43 1 0.696 0.681 43 2 0.529 0.371 43 3 0.045 0.519 43 4 0.392 0.162 43
74 0 0.067 0.186 43 1 0.45 0.366 43 2 0.24 0.723 43 3 0.33 0.917 43 4 0.372 0.954 43
75 0 0.436 0.33 43 1 0.289 0.322 44 2 0.368 0.666 44 3 0.731 0.708 44 4 0.977 0.687 45
76 0 0.584 0.302 46 1 0.524 0.811 46 2 0.903 0.119 46 3 0.745 0.482 46 4 0.719 0.558 46
77 0 0.335 0.748 46 1 0.308 0.49 47 2 0.602 0.075 47 3 0.0 0.058 47 4 0.154 0.413 47
78 0 0.632 0.577 47 1 0.475 0.313 48 2 0.61 0.113 48 3 0.7 0.27 48 4 0.449 0.524 48
79 0 0.871 0.743 48 1 0.629 0.184 48 2 0.992 0.032 48 3 0.058 0.89 48 4 0.871 0.252 48
80 0 0.725 0.757 49 1 0.819 0.624 49 2 0.304 0.335 49 3 0.072 0.37 49 4 0.988 0.911 50
81 0 0.219 0.386 50 1 0.251 0.878 51 2 0.404 0.789 51 3 0.077 0.481 51 4 0.56 0.203 51
82 0 0.293 0.761 51 1 0.426 0.571 51 2 0.04 0.881 51 3 0.33 0.789 51 4 0.893 0.536 51
83 0 0.471 0.504 51 1 0.071 0.092 51 2 0.321 0.944 52 3 0.404 0.176 52 4 0.855 0.739 52
84 0 0.651 0.126 52 1 0.496 0.802 52 2 0.919 0.142 52 3 0.799 0.722 53 4 0.347 0.532 54
85 0 0.375 0.62 55 1 0.326 0.39 55 2 0.42 0.286 55 3 0.22 0.831 55 4 0.295 0.601 55
86 0 0.732 0.011 55 1 0.854 0.668 55 2 0.411 0.05 55 3 0.17 0.494 55 4 0.877 0.252 55
87 0 0.857 0.139 55 1 0.292 0.17 55 2 0.434 0.331 55 3 0.279 0.727 55 4 0.366 0.288 55
88 0 0.582 0.714 55 1 0.769 0.258 55 2 0.199 0.581 55 3 0.09 0.651 55 4 0.808 0.795 55
89 0 0.831 0.865 55 1 0.897 0.023 55 2 0.338 0.246 55 3 0.843 0.946 55 4 0.971 0.499 55
90 0 0.853 0.996 55 1 0.032 0.072 55 2 0.18 0.75 55 3 0.275 0.532 55 4 0.118 0.25 55
91 0 0.478 0.285 56 1 0.105 0.166 57 2 0.477 0.464 57 3 0.69 0.032 57 4 0.542 0.683 57
92 0 0.701 0.269 57 1 0.928 0.431 57 2 0.403 0.95 57 3 0.82 0.307 57 4 0.763 0.045 57
93 0 0.659 0.421 57 1 0.835 0.101 57 2 0.234 0.875 57 3 0.087 0.397 57 4 0.08 0.914 58
94 0 0.037 0.407 59 1 0.018 0.175 59 2 0.236 0.111 59 3 0.229 0.823 59 4 0.521 0.175 59
95 0 0.684 0.434 59 1 0.376 0.565 60 2 0.394 0.778 60 3 0.853 0.699 60 4 0.833 0.629 60
96 0 0.556 0.632 60 1 0.037 0.624 60 2 0.428 0.558 60 3 0.311 0.21 60 4 0.8 0.148 60
97 0 0.108 0.891 60 1 0.651 0.805 60 2 0.62 0.08 60 3 0.214 0.372 60 4 0.612 0.948 60
98 0 0.044 0.447 60 1 0.459 0.522 60 2 0.503 0.22 60 3 0.384 0.239 60 4 0.709 0.252 60
99 0 0.471 0.597 60 1 0.659 0.195 61 2 0.773 0.03 61 3 0.06 0.023 61 4 0.801 0.114 61
